<?xml version="1.0" encoding="UTF-8"?>
<coverage generated="1631032608613" clover="3.2.0">
  <project timestamp="1631032608613" name="All files">
    <metrics statements="15" coveredstatements="15" conditionals="4" coveredconditionals="3" methods="4" coveredmethods="4" elements="23" coveredelements="22" complexity="0" loc="15" ncloc="15" packages="1" files="1" classes="1"/>
    <file name="gradeCalculations.js" path="C:\Users\sabiq\OneDrive\Desktop\latihantesting\gradeCalculations.js">
      <metrics statements="15" coveredstatements="15" conditionals="4" coveredconditionals="3" methods="4" coveredmethods="4"/>
      <line num="4" count="1" type="stmt"/>
      <line num="5" count="16" type="stmt"/>
      <line num="6" count="4" type="cond" truecount="1" falsecount="1"/>
      <line num="8" count="16" type="stmt"/>
      <line num="9" count="4" type="stmt"/>
      <line num="15" count="1" type="stmt"/>
      <line num="16" count="3" type="stmt"/>
      <line num="17" count="3" type="stmt"/>
      <line num="19" count="3" type="cond" truecount="2" falsecount="0"/>
      <line num="20" count="2" type="stmt"/>
      <line num="21" count="2" type="stmt"/>
      <line num="23" count="1" type="stmt"/>
      <line num="24" count="1" type="stmt"/>
      <line num="28" count="1" type="stmt"/>
      <line num="30" count="1" type="stmt"/>
    </file>
  </project>
</coverage>
