{"C:\\Users\\sabiq\\OneDrive\\Desktop\\latihantesting\\gradeCalculations.js": {"path":"C:\\Users\\sabiq\\OneDrive\\Desktop\\latihantesting\\gradeCalculations.js","statementMap":{"0":{"start":{"line":4,"column":21},"end":{"line":10,"column":1}},"1":{"start":{"line":5,"column":27},"end":{"line":5,"column":77}},"2":{"start":{"line":5,"column":52},"end":{"line":5,"column":76}},"3":{"start":{"line":6,"column":2},"end":{"line":6,"column":60}},"4":{"start":{"line":6,"column":25},"end":{"line":6,"column":60}},"5":{"start":{"line":8,"column":20},"end":{"line":8,"column":98}},"6":{"start":{"line":8,"column":68},"end":{"line":8,"column":94}},"7":{"start":{"line":9,"column":2},"end":{"line":9,"column":39}},"8":{"start":{"line":15,"column":26},"end":{"line":26,"column":1}},"9":{"start":{"line":16,"column":20},"end":{"line":16,"column":22}},"10":{"start":{"line":17,"column":18},"end":{"line":17,"column":42}},"11":{"start":{"line":19,"column":2},"end":{"line":25,"column":3}},"12":{"start":{"line":20,"column":6},"end":{"line":20,"column":47}},"13":{"start":{"line":21,"column":6},"end":{"line":21,"column":18}},"14":{"start":{"line":23,"column":6},"end":{"line":23,"column":47}},"15":{"start":{"line":24,"column":6},"end":{"line":24,"column":19}},"16":{"start":{"line":28,"column":0},"end":{"line":28,"column":45}},"17":{"start":{"line":30,"column":0},"end":{"line":30,"column":53}}},"fnMap":{"0":{"name":"(anonymous_0)","decl":{"start":{"line":4,"column":21},"end":{"line":4,"column":22}},"loc":{"start":{"line":4,"column":37},"end":{"line":10,"column":1}},"line":4},"1":{"name":"(anonymous_1)","decl":{"start":{"line":5,"column":44},"end":{"line":5,"column":45}},"loc":{"start":{"line":5,"column":52},"end":{"line":5,"column":76}},"line":5},"2":{"name":"(anonymous_2)","decl":{"start":{"line":8,"column":38},"end":{"line":8,"column":39}},"loc":{"start":{"line":8,"column":68},"end":{"line":8,"column":94}},"line":8},"3":{"name":"(anonymous_3)","decl":{"start":{"line":15,"column":26},"end":{"line":15,"column":27}},"loc":{"start":{"line":15,"column":48},"end":{"line":26,"column":1}},"line":15}},"branchMap":{"0":{"loc":{"start":{"line":6,"column":2},"end":{"line":6,"column":60}},"type":"if","locations":[{"start":{"line":6,"column":2},"end":{"line":6,"column":60}},{"start":{"line":6,"column":2},"end":{"line":6,"column":60}}],"line":6},"1":{"loc":{"start":{"line":19,"column":2},"end":{"line":25,"column":3}},"type":"if","locations":[{"start":{"line":19,"column":2},"end":{"line":25,"column":3}},{"start":{"line":19,"column":2},"end":{"line":25,"column":3}}],"line":19}},"s":{"0":1,"1":4,"2":16,"3":4,"4":0,"5":4,"6":16,"7":4,"8":1,"9":3,"10":3,"11":3,"12":2,"13":2,"14":1,"15":1,"16":1,"17":1},"f":{"0":4,"1":16,"2":16,"3":3},"b":{"0":[0,4],"1":[2,1]},"_coverageSchema":"1a1c01bbd47fc00a2c39e90264f33305004495a9","hash":"a2b1d2265dd92ae14c9efd67c1cae8c756c8329a"}
}
